2024-09-26 16:22:19.892803: Traitement du dossier: P:\RESSOURCES\SIG\01_data\to_sort\2_EUROPE\France
2024-09-26 16:25:54.729399: Traitement du dossier: P:\RESSOURCES\SIG\01_data\to_sort\2_EUROPE\France
2024-09-26 16:32:08.739489: Traitement du dossier: c:/struc
2024-09-26 16:33:03.588707: Renommage de c:/struc\departements-20180101.cpg en adm_poly_departements20180101_2018.cpg
2024-09-26 16:33:03.748552: Renommage de c:/struc\departements-20180101.dbf en adm_poly_departements20180101_2018.dbf
2024-09-26 16:33:03.924099: Renommage de c:/struc\departements-20180101.prj en adm_poly_departements20180101_2018.prj
2024-09-26 16:33:04.095201: Renommage de c:/struc\departements-20180101.qml en adm_poly_departements20180101_2018.qml
2024-09-26 16:33:04.238988: Renommage de c:/struc\departements-20180101.shp en adm_poly_departements20180101_2018.shp
2024-09-26 16:33:04.530675: Renommage de c:/struc\departements-20180101.shx en adm_poly_departements20180101_2018.shx
2024-09-26 16:36:09.290734: Traitement du dossier: c:/struc
2024-09-26 16:36:36.977236: Renommage de c:/struc\departements.cpg en adm_unknown_departements_2018.cpg
2024-09-26 16:39:24.159708: Traitement du dossier: c:/struc
2024-09-26 16:45:03.260379: Traitement du dossier: c:/struc
2024-09-26 16:46:03.971560: Traitement du dossier: c:/struc
2024-09-26 16:46:39.183859: Traitement du dossier: c:/struc
2024-09-26 16:47:08.006838: Renommage de c:/struc\departements.cpg en adm_poly_departements_2018.cpg
2024-09-26 16:47:08.159797: Renommage de c:/struc\departements.dbf en adm_poly_departements_2018.dbf
2024-09-26 16:47:08.291308: Renommage de c:/struc\departements.prj en adm_poly_departements_2018.prj
2024-09-26 16:47:08.421193: Renommage de c:/struc\departements.qml en adm_poly_departements_2018.qml
2024-09-26 16:47:08.572076: Renommage de c:/struc\departements.shp en adm_poly_departements_2018.shp
2024-09-26 16:47:08.820634: Renommage de c:/struc\departements.shx en adm_poly_departements_2018.shx
